0 info it worked if it ends with ok
1 verbose cli [
1 verbose cli   'C:\\Program Files\\nodejs\\node.exe',
1 verbose cli   'C:\\Users\\Marcos Wada\\AppData\\Roaming\\npm\\node_modules\\npm\\bin\\npm-cli.js',
1 verbose cli   'i',
1 verbose cli   '@popper@@@@@@@@@@@@@@@@@@@@@@'
1 verbose cli ]
2 info using npm@6.14.10
3 info using node@v12.18.2
4 verbose config Skipping project config: C:\Users\Marcos Wada/.npmrc. (matches userconfig)
5 verbose npm-session f95aec13880ebfde
6 silly install loadCurrentTree
7 silly install readLocalPackageData
8 timing stage:rollbackFailedOptional Completed in 1ms
9 timing stage:runTopLevelLifecycles Completed in 39ms
10 verbose stack Error: Invalid package name "@popper": name can only contain URL-friendly characters
10 verbose stack     at invalidPackageName (C:\Users\Marcos Wada\AppData\Roaming\npm\node_modules\npm\node_modules\npm-package-arg\npa.js:86:15)
10 verbose stack     at Result.setName (C:\Users\Marcos Wada\AppData\Roaming\npm\node_modules\npm\node_modules\npm-package-arg\npa.js:121:11)
10 verbose stack     at new Result (C:\Users\Marcos Wada\AppData\Roaming\npm\node_modules\npm\node_modules\npm-package-arg\npa.js:111:23)
10 verbose stack     at resolve (C:\Users\Marcos Wada\AppData\Roaming\npm\node_modules\npm\node_modules\npm-package-arg\npa.js:58:15)
10 verbose stack     at npa (C:\Users\Marcos Wada\AppData\Roaming\npm\node_modules\npm\node_modules\npm-package-arg\npa.js:52:10)
10 verbose stack     at C:\Users\Marcos Wada\AppData\Roaming\npm\node_modules\npm\lib\install\deps.js:231:14
10 verbose stack     at C:\Users\Marcos Wada\AppData\Roaming\npm\node_modules\npm\node_modules\slide\lib\async-map.js:52:35
10 verbose stack     at Array.forEach (<anonymous>)
10 verbose stack     at C:\Users\Marcos Wada\AppData\Roaming\npm\node_modules\npm\node_modules\slide\lib\async-map.js:52:11
10 verbose stack     at Array.forEach (<anonymous>)
10 verbose stack     at asyncMap (C:\Users\Marcos Wada\AppData\Roaming\npm\node_modules\npm\node_modules\slide\lib\async-map.js:51:8)
10 verbose stack     at exports.getAllMetadata (C:\Users\Marcos Wada\AppData\Roaming\npm\node_modules\npm\lib\install\deps.js:228:3)
10 verbose stack     at Installer.loadArgMetadata (C:\Users\Marcos Wada\AppData\Roaming\npm\node_modules\npm\lib\install.js:366:3)
10 verbose stack     at C:\Users\Marcos Wada\AppData\Roaming\npm\node_modules\npm\lib\install.js:704:16
10 verbose stack     at C:\Users\Marcos Wada\AppData\Roaming\npm\node_modules\npm\lib\install\read-shrinkwrap.js:33:16
10 verbose stack     at tryCatcher (C:\Users\Marcos Wada\AppData\Roaming\npm\node_modules\npm\node_modules\bluebird\js\release\util.js:16:23)
11 verbose cwd C:\Users\Marcos Wada\htatemplate
12 verbose Windows_NT 10.0.22000
13 verbose argv "C:\\Program Files\\nodejs\\node.exe" "C:\\Users\\Marcos Wada\\AppData\\Roaming\\npm\\node_modules\\npm\\bin\\npm-cli.js" "i" "@popper@@@@@@@@@@@@@@@@@@@@@@"
14 verbose node v12.18.2
15 verbose npm  v6.14.10
16 error code EINVALIDPACKAGENAME
17 error Invalid package name "@popper": name can only contain URL-friendly characters
18 verbose exit [ 1, true ]
